<?xml version="1.0" encoding="UTF-8"?>
<!-- Generated by org.testng.reporters.JUnitReportReporter -->
<testsuite hostname="DESKTOP-4FFJMPG" failures="0" tests="1" name="SwagLabs_Mobile.TestRunner" time="10.163" errors="1" timestamp="2024-07-04T15:45:00 WIB" skipped="0">
  <testcase classname="SwagLabs_Mobile.TestRunner" name="setUpClass" time="10.163">
    <error message="Could not start a new session. Response code 404. Message: The session identified by f53a071a-fe24-4b40-ad2b-69d0c3a39c93 is not known 
Host info: host: &#039;DESKTOP-4FFJMPG&#039;, ip: &#039;172.27.69.231&#039;
Build info: version: &#039;4.20.0&#039;, revision: &#039;866c76ca80&#039;
System info: os.name: &#039;Windows 10&#039;, os.arch: &#039;amd64&#039;, os.version: &#039;10.0&#039;, java.version: &#039;17.0.6&#039;
Driver info: io.appium.java_client.android.AndroidDriver
Command: [null, newSession {desiredCapabilities=Capabilities {app: D:/Kuliah/Synrgy-Bootcamp/C..., appActivity: com.swaglabsmobileapp.MainA..., appPackage: com.swaglabsmobileapp, automationName: UIAutomator2, deviceName: emulator-5554, platformName: ANDROID, platformVersion: 8.0}, capabilities=[{appium:deviceName=emulator-5554, appium:appActivity=com.swaglabsmobileapp.MainActivity, appium:automationName=UIAutomator2, platformName=ANDROID, appium:appPackage=com.swaglabsmobileapp, appium:platformVersion=8.0, appium:app=D:/Kuliah/Synrgy-Bootcamp/Chapter 8/Android.SauceLabs.Mobile.Sample.app.2.7.1.apk}]}]
Capabilities {app: D:/Kuliah/Synrgy-Bootcamp/C..., appActivity: com.swaglabsmobileapp.MainA..., appPackage: com.swaglabsmobileapp, automationName: UIAutomator2, deviceName: emulator-5554, platformName: ANDROID, platformVersion: 8.0}" type="org.openqa.selenium.SessionNotCreatedException">
      <![CDATA[org.openqa.selenium.SessionNotCreatedException: Could not start a new session. Response code 404. Message: The session identified by f53a071a-fe24-4b40-ad2b-69d0c3a39c93 is not known 
Host info: host: 'DESKTOP-4FFJMPG', ip: '172.27.69.231'
Build info: version: '4.20.0', revision: '866c76ca80'
System info: os.name: 'Windows 10', os.arch: 'amd64', os.version: '10.0', java.version: '17.0.6'
Driver info: io.appium.java_client.android.AndroidDriver
Command: [null, newSession {desiredCapabilities=Capabilities {app: D:/Kuliah/Synrgy-Bootcamp/C..., appActivity: com.swaglabsmobileapp.MainA..., appPackage: com.swaglabsmobileapp, automationName: UIAutomator2, deviceName: emulator-5554, platformName: ANDROID, platformVersion: 8.0}, capabilities=[{appium:deviceName=emulator-5554, appium:appActivity=com.swaglabsmobileapp.MainActivity, appium:automationName=UIAutomator2, platformName=ANDROID, appium:appPackage=com.swaglabsmobileapp, appium:platformVersion=8.0, appium:app=D:/Kuliah/Synrgy-Bootcamp/Chapter 8/Android.SauceLabs.Mobile.Sample.app.2.7.1.apk}]}]
Capabilities {app: D:/Kuliah/Synrgy-Bootcamp/C..., appActivity: com.swaglabsmobileapp.MainA..., appPackage: com.swaglabsmobileapp, automationName: UIAutomator2, deviceName: emulator-5554, platformName: ANDROID, platformVersion: 8.0}
at org.openqa.selenium.remote.ProtocolHandshake.createSession(ProtocolHandshake.java:114)
at java.base/jdk.internal.reflect.NativeMethodAccessorImpl.invoke0(Native Method)
at java.base/jdk.internal.reflect.NativeMethodAccessorImpl.invoke(NativeMethodAccessorImpl.java:77)
at java.base/jdk.internal.reflect.DelegatingMethodAccessorImpl.invoke(DelegatingMethodAccessorImpl.java:43)
at java.base/java.lang.reflect.Method.invoke(Method.java:568)
at io.appium.java_client.remote.AppiumProtocolHandshake.createSession(AppiumProtocolHandshake.java:116)
at io.appium.java_client.remote.AppiumProtocolHandshake.createSession(AppiumProtocolHandshake.java:96)
at io.appium.java_client.remote.AppiumCommandExecutor.createSession(AppiumCommandExecutor.java:176)
at io.appium.java_client.remote.AppiumCommandExecutor.execute(AppiumCommandExecutor.java:237)
at org.openqa.selenium.remote.RemoteWebDriver.execute(RemoteWebDriver.java:518)
at io.appium.java_client.AppiumDriver.startSession(AppiumDriver.java:268)
at org.openqa.selenium.remote.RemoteWebDriver.<init>(RemoteWebDriver.java:161)
at io.appium.java_client.AppiumDriver.<init>(AppiumDriver.java:90)
at io.appium.java_client.AppiumDriver.<init>(AppiumDriver.java:113)
at io.appium.java_client.AppiumDriver.<init>(AppiumDriver.java:138)
at io.appium.java_client.android.AndroidDriver.<init>(AndroidDriver.java:232)
at SwagLabs_Mobile.testing.ValidLoginTest.setUp(ValidLoginTest.java:27)
at SwagLabs_Mobile.CucumberHooks.setUp(CucumberHooks.java:11)
]]>
    </error>
  </testcase> <!-- setUpClass -->
</testsuite> <!-- SwagLabs_Mobile.TestRunner -->
