<?xml version="1.0" encoding="UTF-8"?>
<!-- Generated by org.testng.reporters.JUnitReportReporter -->
<testsuite hostname="DESKTOP-4FFJMPG" failures="0" tests="1" name="SwagLabs_Mobile.testing.ValidLoginTest" time="0.000" errors="0" timestamp="2024-07-04T15:45:00 WIB" skipped="1">
  <testcase classname="SwagLabs_Mobile.testing.ValidLoginTest" name="testLogin" time="0.000">
    <skipped/>
  </testcase> <!-- testLogin -->
</testsuite> <!-- SwagLabs_Mobile.testing.ValidLoginTest -->
